campfirst/Library/Bee/Android/Prj/IL2CPP/Gradle/launcher/build/intermediates/manifest_merge_blame_file/release/processReleaseMainManifest/manifest-merger-blame-release-report.txt
1<?xml version="1.0" encoding="utf-8"?>
2<manifest xmlns:android="http://schemas.android.com/apk/res/android"
3    package="camp.com"
4    android:installLocation="preferExternal"
5    android:versionCode="1"
6    android:versionName="0.1" >
7
8    <uses-sdk
9        android:minSdkVersion="24"
10        android:targetSdkVersion="35" />
11
12    <supports-screens
12-->src/main/AndroidManifest.xml:4:3-163
13        android:anyDensity="true"
13-->src/main/AndroidManifest.xml:4:135-160
14        android:largeScreens="true"
14-->src/main/AndroidManifest.xml:4:78-105
15        android:normalScreens="true"
15-->src/main/AndroidManifest.xml:4:49-77
16        android:smallScreens="true"
16-->src/main/AndroidManifest.xml:4:21-48
17        android:xlargeScreens="true" />
17-->src/main/AndroidManifest.xml:4:106-134
18
19    <uses-permission android:name="android.permission.INTERNET" />
19-->[:unityLibrary] AndroidManifest.xml:8:5-67
19-->[:unityLibrary] AndroidManifest.xml:8:22-64
20
21    <uses-feature android:glEsVersion="0x00030000" />
21-->[:unityLibrary] AndroidManifest.xml:10:5-54
21-->[:unityLibrary] AndroidManifest.xml:10:19-51
22    <uses-feature
22-->[:unityLibrary] AndroidManifest.xml:11:5-13:36
23        android:name="android.hardware.vulkan.version"
23-->[:unityLibrary] AndroidManifest.xml:12:9-55
24        android:required="false" />
24-->[:unityLibrary] AndroidManifest.xml:13:9-33
25    <uses-feature
25-->[:unityLibrary] AndroidManifest.xml:14:5-16:36
26        android:name="android.hardware.touchscreen"
26-->[:unityLibrary] AndroidManifest.xml:15:9-52
27        android:required="false" />
27-->[:unityLibrary] AndroidManifest.xml:16:9-33
28    <uses-feature
28-->[:unityLibrary] AndroidManifest.xml:17:5-19:36
29        android:name="android.hardware.touchscreen.multitouch"
29-->[:unityLibrary] AndroidManifest.xml:18:9-63
30        android:required="false" />
30-->[:unityLibrary] AndroidManifest.xml:19:9-33
31    <uses-feature
31-->[:unityLibrary] AndroidManifest.xml:20:5-22:36
32        android:name="android.hardware.touchscreen.multitouch.distinct"
32-->[:unityLibrary] AndroidManifest.xml:21:9-72
33        android:required="false" />
33-->[:unityLibrary] AndroidManifest.xml:22:9-33
34
35    <uses-permission android:name="org.khronos.openxr.permission.OPENXR" />
35-->[:openxr_loader:] AndroidManifest.xml:13:3-74
35-->[:openxr_loader:] AndroidManifest.xml:13:20-71
36    <uses-permission android:name="org.khronos.openxr.permission.OPENXR_SYSTEM" />
36-->[:openxr_loader:] AndroidManifest.xml:14:3-81
36-->[:openxr_loader:] AndroidManifest.xml:14:20-78
37
38    <queries>
38-->[:openxr_loader:] AndroidManifest.xml:16:3-27:13
39
40        <!-- to talk to the broker -->
41        <provider android:authorities="org.khronos.openxr.runtime_broker;org.khronos.openxr.system_runtime_broker" />
41-->[:openxr_loader:] AndroidManifest.xml:18:5-114
41-->[:openxr_loader:] AndroidManifest.xml:18:15-111
42
43        <!-- so client-side code of runtime/layers can talk to their service sides -->
44        <intent>
44-->[:openxr_loader:] AndroidManifest.xml:21:5-23:14
45            <action android:name="org.khronos.openxr.OpenXRRuntimeService" />
45-->[:openxr_loader:] AndroidManifest.xml:22:7-72
45-->[:openxr_loader:] AndroidManifest.xml:22:15-69
46        </intent>
47        <intent>
47-->[:openxr_loader:] AndroidManifest.xml:24:5-26:14
48            <action android:name="org.khronos.openxr.OpenXRApiLayerService" />
48-->[:openxr_loader:] AndroidManifest.xml:25:7-73
48-->[:openxr_loader:] AndroidManifest.xml:25:15-70
49        </intent>
50    </queries>
51
52    <uses-feature
52-->[:unityLibrary:xrmanifest.androidlib] AndroidManifest.xml:7:5-10:31
53        android:name="android.hardware.vr.headtracking"
53-->[:unityLibrary:xrmanifest.androidlib] AndroidManifest.xml:8:9-56
54        android:required="true"
54-->[:unityLibrary:xrmanifest.androidlib] AndroidManifest.xml:9:9-32
55        android:version="1" />
55-->[:unityLibrary:xrmanifest.androidlib] AndroidManifest.xml:10:9-28
56    <uses-feature
56-->[:unityLibrary:xrmanifest.androidlib] AndroidManifest.xml:11:5-13:35
57        android:name="oculus.software.eye_tracking"
57-->[:unityLibrary:xrmanifest.androidlib] AndroidManifest.xml:12:9-52
58        android:required="true" />
58-->[:unityLibrary:xrmanifest.androidlib] AndroidManifest.xml:13:9-32
59
60    <uses-permission android:name="com.oculus.permission.EYE_TRACKING" />
60-->[:unityLibrary:xrmanifest.androidlib] AndroidManifest.xml:15:5-74
60-->[:unityLibrary:xrmanifest.androidlib] AndroidManifest.xml:15:22-71
61
62    <permission
62-->[androidx.core:core:1.9.0] AndroidManifest.xml:22:5-24:47
63        android:name="camp.com.DYNAMIC_RECEIVER_NOT_EXPORTED_PERMISSION"
63-->[androidx.core:core:1.9.0] AndroidManifest.xml:23:9-81
64        android:protectionLevel="signature" />
64-->[androidx.core:core:1.9.0] AndroidManifest.xml:24:9-44
65
66    <uses-permission android:name="camp.com.DYNAMIC_RECEIVER_NOT_EXPORTED_PERMISSION" />
66-->[androidx.core:core:1.9.0] AndroidManifest.xml:26:5-97
66-->[androidx.core:core:1.9.0] AndroidManifest.xml:26:22-94
67
68    <application
68-->src/main/AndroidManifest.xml:3:3-83
69        android:appComponentFactory="androidx.core.app.CoreComponentFactory"
69-->[androidx.core:core:1.9.0] AndroidManifest.xml:28:18-86
70        android:enableOnBackInvokedCallback="false"
70-->[:unityLibrary] AndroidManifest.xml:25:9-52
71        android:extractNativeLibs="true"
72        android:icon="@mipmap/app_icon"
72-->src/main/AndroidManifest.xml:3:16-47
73        android:label="@string/app_name" >
73-->src/main/AndroidManifest.xml:3:48-80
74        <meta-data
74-->[:unityLibrary] AndroidManifest.xml:27:9-29:33
75            android:name="unity.splash-mode"
75-->[:unityLibrary] AndroidManifest.xml:28:13-45
76            android:value="0" />
76-->[:unityLibrary] AndroidManifest.xml:29:13-30
77        <meta-data
77-->[:unityLibrary] AndroidManifest.xml:30:9-32:36
78            android:name="unity.splash-enable"
78-->[:unityLibrary] AndroidManifest.xml:31:13-47
79            android:value="True" />
79-->[:unityLibrary] AndroidManifest.xml:32:13-33
80        <meta-data
80-->[:unityLibrary] AndroidManifest.xml:33:9-35:36
81            android:name="unity.launch-fullscreen"
81-->[:unityLibrary] AndroidManifest.xml:34:13-51
82            android:value="True" />
82-->[:unityLibrary] AndroidManifest.xml:35:13-33
83        <meta-data
83-->[:unityLibrary] AndroidManifest.xml:36:9-38:36
84            android:name="unity.render-outside-safearea"
84-->[:unityLibrary] AndroidManifest.xml:37:13-57
85            android:value="True" />
85-->[:unityLibrary] AndroidManifest.xml:38:13-33
86        <meta-data
86-->[:unityLibrary] AndroidManifest.xml:39:9-41:50
87            android:name="notch.config"
87-->[:unityLibrary] AndroidManifest.xml:40:13-40
88            android:value="portrait|landscape" />
88-->[:unityLibrary] AndroidManifest.xml:41:13-47
89        <meta-data
89-->[:unityLibrary] AndroidManifest.xml:42:9-44:36
90            android:name="unity.auto-report-fully-drawn"
90-->[:unityLibrary] AndroidManifest.xml:43:13-57
91            android:value="true" />
91-->[:unityLibrary] AndroidManifest.xml:44:13-33
92        <meta-data
92-->[:unityLibrary] AndroidManifest.xml:45:9-47:36
93            android:name="unity.auto-set-game-state"
93-->[:unityLibrary] AndroidManifest.xml:46:13-53
94            android:value="true" />
94-->[:unityLibrary] AndroidManifest.xml:47:13-33
95        <meta-data
95-->[:unityLibrary] AndroidManifest.xml:48:9-50:36
96            android:name="unity.strip-engine-code"
96-->[:unityLibrary] AndroidManifest.xml:49:13-51
97            android:value="true" />
97-->[:unityLibrary] AndroidManifest.xml:50:13-33
98
99        <activity
99-->[:unityLibrary] AndroidManifest.xml:52:9-85:20
100            android:name="com.unity3d.player.UnityPlayerGameActivity"
100-->[:unityLibrary] AndroidManifest.xml:53:13-70
101            android:configChanges="mcc|mnc|locale|touchscreen|keyboard|keyboardHidden|navigation|orientation|screenLayout|uiMode|screenSize|smallestScreenSize|fontScale|layoutDirection|density"
101-->[:unityLibrary] AndroidManifest.xml:54:13-194
102            android:enabled="true"
102-->[:unityLibrary] AndroidManifest.xml:55:13-35
103            android:exported="true"
103-->[:unityLibrary] AndroidManifest.xml:56:13-36
104            android:hardwareAccelerated="false"
104-->[:unityLibrary] AndroidManifest.xml:57:13-48
105            android:launchMode="singleTask"
105-->[:unityLibrary] AndroidManifest.xml:58:13-44
106            android:resizeableActivity="true"
106-->[:unityLibrary] AndroidManifest.xml:59:13-46
107            android:screenOrientation="fullUser"
107-->[:unityLibrary] AndroidManifest.xml:60:13-49
108            android:theme="@style/BaseUnityGameActivityTheme" >
108-->[:unityLibrary] AndroidManifest.xml:61:13-62
109            <intent-filter>
109-->[:unityLibrary] AndroidManifest.xml:62:13-68:29
110                <category android:name="android.intent.category.LAUNCHER" />
110-->[:unityLibrary] AndroidManifest.xml:63:17-77
110-->[:unityLibrary] AndroidManifest.xml:63:27-74
111
112                <action android:name="android.intent.action.MAIN" />
112-->[:unityLibrary] AndroidManifest.xml:65:17-69
112-->[:unityLibrary] AndroidManifest.xml:65:25-66
113
114                <category android:name="com.oculus.intent.category.VR" />
114-->[:unityLibrary] AndroidManifest.xml:67:17-74
114-->[:unityLibrary] AndroidManifest.xml:67:27-71
115            </intent-filter>
116
117            <meta-data
117-->[:unityLibrary] AndroidManifest.xml:70:13-72:40
118                android:name="unityplayer.UnityActivity"
118-->[:unityLibrary] AndroidManifest.xml:71:17-57
119                android:value="true" />
119-->[:unityLibrary] AndroidManifest.xml:72:17-37
120            <meta-data
120-->[:unityLibrary] AndroidManifest.xml:73:13-75:40
121                android:name="android.app.lib_name"
121-->[:unityLibrary] AndroidManifest.xml:74:17-52
122                android:value="game" />
122-->[:unityLibrary] AndroidManifest.xml:75:17-37
123            <meta-data
123-->[:unityLibrary] AndroidManifest.xml:76:13-78:71
124                android:name="WindowManagerPreference:FreeformWindowSize"
124-->[:unityLibrary] AndroidManifest.xml:77:17-74
125                android:value="@string/FreeformWindowSize_maximize" />
125-->[:unityLibrary] AndroidManifest.xml:78:17-68
126            <meta-data
126-->[:unityLibrary] AndroidManifest.xml:79:13-81:79
127                android:name="WindowManagerPreference:FreeformWindowOrientation"
127-->[:unityLibrary] AndroidManifest.xml:80:17-81
128                android:value="@string/FreeformWindowOrientation_landscape" />
128-->[:unityLibrary] AndroidManifest.xml:81:17-76
129            <meta-data
129-->[:unityLibrary] AndroidManifest.xml:82:13-84:40
130                android:name="notch_support"
130-->[:unityLibrary] AndroidManifest.xml:83:17-45
131                android:value="true" />
131-->[:unityLibrary] AndroidManifest.xml:84:17-37
132            <meta-data
132-->[:unityLibrary:xrmanifest.androidlib] AndroidManifest.xml:21:13-23:40
133                android:name="com.oculus.vr.focusaware"
133-->[:unityLibrary:xrmanifest.androidlib] AndroidManifest.xml:22:17-56
134                android:value="true" />
134-->[:unityLibrary:xrmanifest.androidlib] AndroidManifest.xml:23:17-37
135        </activity>
136
137        <meta-data
137-->[:unityLibrary:xrmanifest.androidlib] AndroidManifest.xml:26:9-28:67
138            android:name="com.oculus.supportedDevices"
138-->[:unityLibrary:xrmanifest.androidlib] AndroidManifest.xml:27:13-55
139            android:value="quest|quest2|cambria|eureka|quest3s" />
139-->[:unityLibrary:xrmanifest.androidlib] AndroidManifest.xml:28:13-64
140
141        <provider
141-->[androidx.emoji2:emoji2:1.2.0] AndroidManifest.xml:24:9-32:20
142            android:name="androidx.startup.InitializationProvider"
142-->[androidx.emoji2:emoji2:1.2.0] AndroidManifest.xml:25:13-67
143            android:authorities="camp.com.androidx-startup"
143-->[androidx.emoji2:emoji2:1.2.0] AndroidManifest.xml:26:13-68
144            android:exported="false" >
144-->[androidx.emoji2:emoji2:1.2.0] AndroidManifest.xml:27:13-37
145            <meta-data
145-->[androidx.emoji2:emoji2:1.2.0] AndroidManifest.xml:29:13-31:52
146                android:name="androidx.emoji2.text.EmojiCompatInitializer"
146-->[androidx.emoji2:emoji2:1.2.0] AndroidManifest.xml:30:17-75
147                android:value="androidx.startup" />
147-->[androidx.emoji2:emoji2:1.2.0] AndroidManifest.xml:31:17-49
148            <meta-data
148-->[androidx.lifecycle:lifecycle-process:2.4.1] AndroidManifest.xml:31:13-33:52
149                android:name="androidx.lifecycle.ProcessLifecycleInitializer"
149-->[androidx.lifecycle:lifecycle-process:2.4.1] AndroidManifest.xml:32:17-78
150                android:value="androidx.startup" />
150-->[androidx.lifecycle:lifecycle-process:2.4.1] AndroidManifest.xml:33:17-49
151        </provider>
152    </application>
153
154</manifest>